{"total": {"lines":{"total":6014,"covered":5895,"skipped":0,"pct":98.02},"statements":{"total":6014,"covered":5895,"skipped":0,"pct":98.02},"functions":{"total":287,"covered":281,"skipped":0,"pct":97.9},"branches":{"total":1487,"covered":1418,"skipped":0,"pct":95.35},"branchesTrue":{"total":0,"covered":0,"skipped":0,"pct":100}}
,"/home/runner/work/agent-protonsuite/agent-protonsuite/src/addresses.ts": {"lines":{"total":38,"covered":38,"skipped":0,"pct":100},"functions":{"total":6,"covered":6,"skipped":0,"pct":100},"statements":{"total":38,"covered":38,"skipped":0,"pct":100},"branches":{"total":36,"covered":36,"skipped":0,"pct":100}}
,"/home/runner/work/agent-protonsuite/agent-protonsuite/src/agent-cli.ts": {"lines":{"total":46,"covered":0,"skipped":0,"pct":0},"functions":{"total":1,"covered":1,"skipped":0,"pct":100},"statements":{"total":46,"covered":0,"skipped":0,"pct":0},"branches":{"total":1,"covered":1,"skipped":0,"pct":100}}
,"/home/runner/work/agent-protonsuite/agent-protonsuite/src/auth.ts": {"lines":{"total":13,"covered":13,"skipped":0,"pct":100},"functions":{"total":2,"covered":2,"skipped":0,"pct":100},"statements":{"total":13,"covered":13,"skipped":0,"pct":100},"branches":{"total":6,"covered":6,"skipped":0,"pct":100}}
,"/home/runner/work/agent-protonsuite/agent-protonsuite/src/config.ts": {"lines":{"total":183,"covered":183,"skipped":0,"pct":100},"functions":{"total":21,"covered":20,"skipped":0,"pct":95.23},"statements":{"total":183,"covered":183,"skipped":0,"pct":100},"branches":{"total":49,"covered":47,"skipped":0,"pct":95.91}}
,"/home/runner/work/agent-protonsuite/agent-protonsuite/src/constants.ts": {"lines":{"total":25,"covered":25,"skipped":0,"pct":100},"functions":{"total":0,"covered":0,"skipped":0,"pct":100},"statements":{"total":25,"covered":25,"skipped":0,"pct":100},"branches":{"total":0,"covered":0,"skipped":0,"pct":100}}
,"/home/runner/work/agent-protonsuite/agent-protonsuite/src/diagnostics.ts": {"lines":{"total":193,"covered":193,"skipped":0,"pct":100},"functions":{"total":8,"covered":8,"skipped":0,"pct":100},"statements":{"total":193,"covered":193,"skipped":0,"pct":100},"branches":{"total":50,"covered":48,"skipped":0,"pct":96}}
,"/home/runner/work/agent-protonsuite/agent-protonsuite/src/drive-audit.ts": {"lines":{"total":127,"covered":127,"skipped":0,"pct":100},"functions":{"total":8,"covered":8,"skipped":0,"pct":100},"statements":{"total":127,"covered":127,"skipped":0,"pct":100},"branches":{"total":27,"covered":27,"skipped":0,"pct":100}}
,"/home/runner/work/agent-protonsuite/agent-protonsuite/src/drive-utils.ts": {"lines":{"total":36,"covered":36,"skipped":0,"pct":100},"functions":{"total":3,"covered":3,"skipped":0,"pct":100},"statements":{"total":36,"covered":36,"skipped":0,"pct":100},"branches":{"total":10,"covered":10,"skipped":0,"pct":100}}
,"/home/runner/work/agent-protonsuite/agent-protonsuite/src/drive.ts": {"lines":{"total":218,"covered":218,"skipped":0,"pct":100},"functions":{"total":15,"covered":15,"skipped":0,"pct":100},"statements":{"total":218,"covered":218,"skipped":0,"pct":100},"branches":{"total":50,"covered":50,"skipped":0,"pct":100}}
,"/home/runner/work/agent-protonsuite/agent-protonsuite/src/http.ts": {"lines":{"total":127,"covered":127,"skipped":0,"pct":100},"functions":{"total":6,"covered":6,"skipped":0,"pct":100},"statements":{"total":127,"covered":127,"skipped":0,"pct":100},"branches":{"total":47,"covered":45,"skipped":0,"pct":95.74}}
,"/home/runner/work/agent-protonsuite/agent-protonsuite/src/imap.ts": {"lines":{"total":377,"covered":362,"skipped":0,"pct":96.02},"functions":{"total":26,"covered":22,"skipped":0,"pct":84.61},"statements":{"total":377,"covered":362,"skipped":0,"pct":96.02},"branches":{"total":108,"covered":103,"skipped":0,"pct":95.37}}
,"/home/runner/work/agent-protonsuite/agent-protonsuite/src/pass.ts": {"lines":{"total":224,"covered":224,"skipped":0,"pct":100},"functions":{"total":16,"covered":16,"skipped":0,"pct":100},"statements":{"total":224,"covered":224,"skipped":0,"pct":100},"branches":{"total":67,"covered":64,"skipped":0,"pct":95.52}}
,"/home/runner/work/agent-protonsuite/agent-protonsuite/src/security.ts": {"lines":{"total":29,"covered":29,"skipped":0,"pct":100},"functions":{"total":7,"covered":7,"skipped":0,"pct":100},"statements":{"total":29,"covered":29,"skipped":0,"pct":100},"branches":{"total":10,"covered":10,"skipped":0,"pct":100}}
,"/home/runner/work/agent-protonsuite/agent-protonsuite/src/server.ts": {"lines":{"total":85,"covered":85,"skipped":0,"pct":100},"functions":{"total":4,"covered":3,"skipped":0,"pct":75},"statements":{"total":85,"covered":85,"skipped":0,"pct":100},"branches":{"total":12,"covered":12,"skipped":0,"pct":100}}
,"/home/runner/work/agent-protonsuite/agent-protonsuite/src/smtp.ts": {"lines":{"total":205,"covered":205,"skipped":0,"pct":100},"functions":{"total":13,"covered":13,"skipped":0,"pct":100},"statements":{"total":205,"covered":205,"skipped":0,"pct":100},"branches":{"total":78,"covered":73,"skipped":0,"pct":93.58}}
,"/home/runner/work/agent-protonsuite/agent-protonsuite/src/version.ts": {"lines":{"total":5,"covered":5,"skipped":0,"pct":100},"functions":{"total":0,"covered":0,"skipped":0,"pct":100},"statements":{"total":5,"covered":5,"skipped":0,"pct":100},"branches":{"total":0,"covered":0,"skipped":0,"pct":100}}
,"/home/runner/work/agent-protonsuite/agent-protonsuite/src/which.ts": {"lines":{"total":55,"covered":55,"skipped":0,"pct":100},"functions":{"total":3,"covered":3,"skipped":0,"pct":100},"statements":{"total":55,"covered":55,"skipped":0,"pct":100},"branches":{"total":15,"covered":15,"skipped":0,"pct":100}}
,"/home/runner/work/agent-protonsuite/agent-protonsuite/src/agent/executor.ts": {"lines":{"total":237,"covered":221,"skipped":0,"pct":93.24},"functions":{"total":16,"covered":16,"skipped":0,"pct":100},"statements":{"total":237,"covered":221,"skipped":0,"pct":93.24},"branches":{"total":45,"covered":33,"skipped":0,"pct":73.33}}
,"/home/runner/work/agent-protonsuite/agent-protonsuite/src/agent/goals.ts": {"lines":{"total":67,"covered":67,"skipped":0,"pct":100},"functions":{"total":3,"covered":3,"skipped":0,"pct":100},"statements":{"total":67,"covered":67,"skipped":0,"pct":100},"branches":{"total":6,"covered":6,"skipped":0,"pct":100}}
,"/home/runner/work/agent-protonsuite/agent-protonsuite/src/agent/index.ts": {"lines":{"total":4,"covered":4,"skipped":0,"pct":100},"functions":{"total":0,"covered":0,"skipped":0,"pct":100},"statements":{"total":4,"covered":4,"skipped":0,"pct":100},"branches":{"total":0,"covered":0,"skipped":0,"pct":100}}
,"/home/runner/work/agent-protonsuite/agent-protonsuite/src/agent/organizer.ts": {"lines":{"total":168,"covered":168,"skipped":0,"pct":100},"functions":{"total":3,"covered":3,"skipped":0,"pct":100},"statements":{"total":168,"covered":168,"skipped":0,"pct":100},"branches":{"total":57,"covered":52,"skipped":0,"pct":91.22}}
,"/home/runner/work/agent-protonsuite/agent-protonsuite/src/agent/setup.ts": {"lines":{"total":76,"covered":76,"skipped":0,"pct":100},"functions":{"total":2,"covered":2,"skipped":0,"pct":100},"statements":{"total":76,"covered":76,"skipped":0,"pct":100},"branches":{"total":20,"covered":18,"skipped":0,"pct":90}}
,"/home/runner/work/agent-protonsuite/agent-protonsuite/src/alerts/file.ts": {"lines":{"total":11,"covered":11,"skipped":0,"pct":100},"functions":{"total":3,"covered":3,"skipped":0,"pct":100},"statements":{"total":11,"covered":11,"skipped":0,"pct":100},"branches":{"total":5,"covered":5,"skipped":0,"pct":100}}
,"/home/runner/work/agent-protonsuite/agent-protonsuite/src/alerts/index.ts": {"lines":{"total":75,"covered":74,"skipped":0,"pct":98.66},"functions":{"total":9,"covered":9,"skipped":0,"pct":100},"statements":{"total":75,"covered":74,"skipped":0,"pct":98.66},"branches":{"total":23,"covered":23,"skipped":0,"pct":100}}
,"/home/runner/work/agent-protonsuite/agent-protonsuite/src/alerts/ntfy.ts": {"lines":{"total":27,"covered":27,"skipped":0,"pct":100},"functions":{"total":3,"covered":3,"skipped":0,"pct":100},"statements":{"total":27,"covered":27,"skipped":0,"pct":100},"branches":{"total":7,"covered":7,"skipped":0,"pct":100}}
,"/home/runner/work/agent-protonsuite/agent-protonsuite/src/alerts/rules.ts": {"lines":{"total":217,"covered":217,"skipped":0,"pct":100},"functions":{"total":5,"covered":5,"skipped":0,"pct":100},"statements":{"total":217,"covered":217,"skipped":0,"pct":100},"branches":{"total":37,"covered":36,"skipped":0,"pct":97.29}}
,"/home/runner/work/agent-protonsuite/agent-protonsuite/src/alerts/types.ts": {"lines":{"total":6,"covered":6,"skipped":0,"pct":100},"functions":{"total":0,"covered":0,"skipped":0,"pct":100},"statements":{"total":6,"covered":6,"skipped":0,"pct":100},"branches":{"total":0,"covered":0,"skipped":0,"pct":100}}
,"/home/runner/work/agent-protonsuite/agent-protonsuite/src/alerts/webhook.ts": {"lines":{"total":13,"covered":13,"skipped":0,"pct":100},"functions":{"total":3,"covered":3,"skipped":0,"pct":100},"statements":{"total":13,"covered":13,"skipped":0,"pct":100},"branches":{"total":4,"covered":4,"skipped":0,"pct":100}}
,"/home/runner/work/agent-protonsuite/agent-protonsuite/src/bridge/bridge-client.ts": {"lines":{"total":341,"covered":324,"skipped":0,"pct":95.01},"functions":{"total":19,"covered":19,"skipped":0,"pct":100},"statements":{"total":341,"covered":324,"skipped":0,"pct":95.01},"branches":{"total":119,"covered":115,"skipped":0,"pct":96.63}}
,"/home/runner/work/agent-protonsuite/agent-protonsuite/src/clients/index.ts": {"lines":{"total":0,"covered":0,"skipped":0,"pct":0},"functions":{"total":1,"covered":1,"skipped":0,"pct":0},"statements":{"total":0,"covered":0,"skipped":0,"pct":0},"branches":{"total":1,"covered":1,"skipped":0,"pct":0}}
,"/home/runner/work/agent-protonsuite/agent-protonsuite/src/clients/interfaces.ts": {"lines":{"total":0,"covered":0,"skipped":0,"pct":0},"functions":{"total":1,"covered":1,"skipped":0,"pct":0},"statements":{"total":0,"covered":0,"skipped":0,"pct":0},"branches":{"total":1,"covered":1,"skipped":0,"pct":0}}
,"/home/runner/work/agent-protonsuite/agent-protonsuite/src/config/bridge.ts": {"lines":{"total":32,"covered":32,"skipped":0,"pct":100},"functions":{"total":2,"covered":2,"skipped":0,"pct":100},"statements":{"total":32,"covered":32,"skipped":0,"pct":100},"branches":{"total":13,"covered":12,"skipped":0,"pct":92.3}}
,"/home/runner/work/agent-protonsuite/agent-protonsuite/src/config/calendar.ts": {"lines":{"total":9,"covered":9,"skipped":0,"pct":100},"functions":{"total":1,"covered":1,"skipped":0,"pct":100},"statements":{"total":9,"covered":9,"skipped":0,"pct":100},"branches":{"total":2,"covered":2,"skipped":0,"pct":100}}
,"/home/runner/work/agent-protonsuite/agent-protonsuite/src/config/drive.ts": {"lines":{"total":28,"covered":28,"skipped":0,"pct":100},"functions":{"total":2,"covered":2,"skipped":0,"pct":100},"statements":{"total":28,"covered":28,"skipped":0,"pct":100},"branches":{"total":10,"covered":10,"skipped":0,"pct":100}}
,"/home/runner/work/agent-protonsuite/agent-protonsuite/src/config/pass.ts": {"lines":{"total":13,"covered":13,"skipped":0,"pct":100},"functions":{"total":1,"covered":1,"skipped":0,"pct":100},"statements":{"total":13,"covered":13,"skipped":0,"pct":100},"branches":{"total":3,"covered":3,"skipped":0,"pct":100}}
,"/home/runner/work/agent-protonsuite/agent-protonsuite/src/ecosystem/binaries.ts": {"lines":{"total":77,"covered":77,"skipped":0,"pct":100},"functions":{"total":2,"covered":2,"skipped":0,"pct":100},"statements":{"total":77,"covered":77,"skipped":0,"pct":100},"branches":{"total":8,"covered":8,"skipped":0,"pct":100}}
,"/home/runner/work/agent-protonsuite/agent-protonsuite/src/ecosystem/discovery.ts": {"lines":{"total":117,"covered":98,"skipped":0,"pct":83.76},"functions":{"total":5,"covered":5,"skipped":0,"pct":100},"statements":{"total":117,"covered":98,"skipped":0,"pct":83.76},"branches":{"total":34,"covered":30,"skipped":0,"pct":88.23}}
,"/home/runner/work/agent-protonsuite/agent-protonsuite/src/ecosystem/installer.ts": {"lines":{"total":78,"covered":78,"skipped":0,"pct":100},"functions":{"total":4,"covered":4,"skipped":0,"pct":100},"statements":{"total":78,"covered":78,"skipped":0,"pct":100},"branches":{"total":31,"covered":29,"skipped":0,"pct":93.54}}
,"/home/runner/work/agent-protonsuite/agent-protonsuite/src/ecosystem/updater.ts": {"lines":{"total":56,"covered":54,"skipped":0,"pct":96.42},"functions":{"total":3,"covered":3,"skipped":0,"pct":100},"statements":{"total":56,"covered":54,"skipped":0,"pct":96.42},"branches":{"total":21,"covered":19,"skipped":0,"pct":90.47}}
,"/home/runner/work/agent-protonsuite/agent-protonsuite/src/server/agent.ts": {"lines":{"total":94,"covered":94,"skipped":0,"pct":100},"functions":{"total":1,"covered":1,"skipped":0,"pct":100},"statements":{"total":94,"covered":94,"skipped":0,"pct":100},"branches":{"total":8,"covered":8,"skipped":0,"pct":100}}
,"/home/runner/work/agent-protonsuite/agent-protonsuite/src/server/bridge.ts": {"lines":{"total":194,"covered":194,"skipped":0,"pct":100},"functions":{"total":1,"covered":1,"skipped":0,"pct":100},"statements":{"total":194,"covered":194,"skipped":0,"pct":100},"branches":{"total":32,"covered":30,"skipped":0,"pct":93.75}}
,"/home/runner/work/agent-protonsuite/agent-protonsuite/src/server/calendar.ts": {"lines":{"total":27,"covered":27,"skipped":0,"pct":100},"functions":{"total":1,"covered":1,"skipped":0,"pct":100},"statements":{"total":27,"covered":27,"skipped":0,"pct":100},"branches":{"total":6,"covered":6,"skipped":0,"pct":100}}
,"/home/runner/work/agent-protonsuite/agent-protonsuite/src/server/drive.ts": {"lines":{"total":513,"covered":513,"skipped":0,"pct":100},"functions":{"total":15,"covered":15,"skipped":0,"pct":100},"statements":{"total":513,"covered":513,"skipped":0,"pct":100},"branches":{"total":142,"covered":136,"skipped":0,"pct":95.77}}
,"/home/runner/work/agent-protonsuite/agent-protonsuite/src/server/ecosystem.ts": {"lines":{"total":157,"covered":157,"skipped":0,"pct":100},"functions":{"total":1,"covered":1,"skipped":0,"pct":100},"statements":{"total":157,"covered":157,"skipped":0,"pct":100},"branches":{"total":37,"covered":35,"skipped":0,"pct":94.59}}
,"/home/runner/work/agent-protonsuite/agent-protonsuite/src/server/mail.ts": {"lines":{"total":715,"covered":715,"skipped":0,"pct":100},"functions":{"total":8,"covered":8,"skipped":0,"pct":100},"statements":{"total":715,"covered":715,"skipped":0,"pct":100},"branches":{"total":98,"covered":95,"skipped":0,"pct":96.93}}
,"/home/runner/work/agent-protonsuite/agent-protonsuite/src/server/pass.ts": {"lines":{"total":229,"covered":228,"skipped":0,"pct":99.56},"functions":{"total":1,"covered":1,"skipped":0,"pct":100},"statements":{"total":229,"covered":228,"skipped":0,"pct":99.56},"branches":{"total":21,"covered":20,"skipped":0,"pct":95.23}}
,"/home/runner/work/agent-protonsuite/agent-protonsuite/src/server/structured-content.ts": {"lines":{"total":3,"covered":3,"skipped":0,"pct":100},"functions":{"total":1,"covered":1,"skipped":0,"pct":100},"statements":{"total":3,"covered":3,"skipped":0,"pct":100},"branches":{"total":1,"covered":1,"skipped":0,"pct":100}}
,"/home/runner/work/agent-protonsuite/agent-protonsuite/src/server/suite.ts": {"lines":{"total":119,"covered":117,"skipped":0,"pct":98.31},"functions":{"total":1,"covered":1,"skipped":0,"pct":100},"statements":{"total":119,"covered":117,"skipped":0,"pct":98.31},"branches":{"total":27,"covered":25,"skipped":0,"pct":92.59}}
,"/home/runner/work/agent-protonsuite/agent-protonsuite/src/server/types.ts": {"lines":{"total":68,"covered":68,"skipped":0,"pct":100},"functions":{"total":0,"covered":0,"skipped":0,"pct":100},"statements":{"total":68,"covered":68,"skipped":0,"pct":100},"branches":{"total":0,"covered":0,"skipped":0,"pct":100}}
,"/home/runner/work/agent-protonsuite/agent-protonsuite/src/server/utils.ts": {"lines":{"total":80,"covered":80,"skipped":0,"pct":100},"functions":{"total":5,"covered":5,"skipped":0,"pct":100},"statements":{"total":80,"covered":80,"skipped":0,"pct":100},"branches":{"total":48,"covered":48,"skipped":0,"pct":100}}
,"/home/runner/work/agent-protonsuite/agent-protonsuite/src/utils/metrics.ts": {"lines":{"total":177,"covered":177,"skipped":0,"pct":100},"functions":{"total":25,"covered":25,"skipped":0,"pct":100},"statements":{"total":177,"covered":177,"skipped":0,"pct":100},"branches":{"total":54,"covered":53,"skipped":0,"pct":98.14}}
}
